  Conv.cpp
C:\Users\3_5105\Desktop\UniFixHM\UniFixHM\Conv.cpp(52,61): warning C4244: “=”: 从“__int64”转换到“int”，可能丢失数据
  detours.cpp
  dllmain.cpp
C:\Users\3_5105\Desktop\UniFixHM\UniFixHM\dllmain.cpp(76,28): error C2485: “__declspec(标识符)”不是可识别的扩展属性
C:\Users\3_5105\Desktop\UniFixHM\UniFixHM\dllmain.cpp(79,5): error C4235: 使用了非标准扩展: 不支持在此结构上使用“__asm”关键字
C:\Users\3_5105\Desktop\UniFixHM\UniFixHM\dllmain.cpp(79,11): error C2065: “jmp”: 未声明的标识符
C:\Users\3_5105\Desktop\UniFixHM\UniFixHM\dllmain.cpp(79,15): error C2146: 语法错误: 缺少“;”(在标识符“eax”的前面)
C:\Users\3_5105\Desktop\UniFixHM\UniFixHM\dllmain.cpp(79,15): error C2065: “eax”: 未声明的标识符
C:\Users\3_5105\Desktop\UniFixHM\UniFixHM\dllmain.cpp(80,1): error C2143: 语法错误: 缺少“;”(在“}”的前面)
C:\Users\3_5105\Desktop\UniFixHM\UniFixHM\dllmain.cpp(81,28): error C2485: “__declspec(标识符)”不是可识别的扩展属性
C:\Users\3_5105\Desktop\UniFixHM\UniFixHM\dllmain.cpp(84,5): error C4235: 使用了非标准扩展: 不支持在此结构上使用“__asm”关键字
C:\Users\3_5105\Desktop\UniFixHM\UniFixHM\dllmain.cpp(84,11): error C2065: “jmp”: 未声明的标识符
C:\Users\3_5105\Desktop\UniFixHM\UniFixHM\dllmain.cpp(84,15): error C2146: 语法错误: 缺少“;”(在标识符“eax”的前面)
C:\Users\3_5105\Desktop\UniFixHM\UniFixHM\dllmain.cpp(84,15): error C2065: “eax”: 未声明的标识符
C:\Users\3_5105\Desktop\UniFixHM\UniFixHM\dllmain.cpp(85,1): error C2143: 语法错误: 缺少“;”(在“}”的前面)
C:\Users\3_5105\Desktop\UniFixHM\UniFixHM\dllmain.cpp(86,28): error C2485: “__declspec(标识符)”不是可识别的扩展属性
C:\Users\3_5105\Desktop\UniFixHM\UniFixHM\dllmain.cpp(89,5): error C4235: 使用了非标准扩展: 不支持在此结构上使用“__asm”关键字
C:\Users\3_5105\Desktop\UniFixHM\UniFixHM\dllmain.cpp(89,11): error C2065: “jmp”: 未声明的标识符
C:\Users\3_5105\Desktop\UniFixHM\UniFixHM\dllmain.cpp(89,15): error C2146: 语法错误: 缺少“;”(在标识符“eax”的前面)
C:\Users\3_5105\Desktop\UniFixHM\UniFixHM\dllmain.cpp(89,15): error C2065: “eax”: 未声明的标识符
C:\Users\3_5105\Desktop\UniFixHM\UniFixHM\dllmain.cpp(90,1): error C2143: 语法错误: 缺少“;”(在“}”的前面)
C:\Users\3_5105\Desktop\UniFixHM\UniFixHM\dllmain.cpp(91,28): error C2485: “__declspec(标识符)”不是可识别的扩展属性
C:\Users\3_5105\Desktop\UniFixHM\UniFixHM\dllmain.cpp(94,5): error C4235: 使用了非标准扩展: 不支持在此结构上使用“__asm”关键字
C:\Users\3_5105\Desktop\UniFixHM\UniFixHM\dllmain.cpp(94,11): error C2065: “jmp”: 未声明的标识符
C:\Users\3_5105\Desktop\UniFixHM\UniFixHM\dllmain.cpp(94,15): error C2146: 语法错误: 缺少“;”(在标识符“eax”的前面)
C:\Users\3_5105\Desktop\UniFixHM\UniFixHM\dllmain.cpp(94,15): error C2065: “eax”: 未声明的标识符
C:\Users\3_5105\Desktop\UniFixHM\UniFixHM\dllmain.cpp(95,1): error C2143: 语法错误: 缺少“;”(在“}”的前面)
C:\Users\3_5105\Desktop\UniFixHM\UniFixHM\dllmain.cpp(96,28): error C2485: “__declspec(标识符)”不是可识别的扩展属性
C:\Users\3_5105\Desktop\UniFixHM\UniFixHM\dllmain.cpp(99,5): error C4235: 使用了非标准扩展: 不支持在此结构上使用“__asm”关键字
C:\Users\3_5105\Desktop\UniFixHM\UniFixHM\dllmain.cpp(99,11): error C2065: “jmp”: 未声明的标识符
C:\Users\3_5105\Desktop\UniFixHM\UniFixHM\dllmain.cpp(99,15): error C2146: 语法错误: 缺少“;”(在标识符“eax”的前面)
C:\Users\3_5105\Desktop\UniFixHM\UniFixHM\dllmain.cpp(99,15): error C2065: “eax”: 未声明的标识符
C:\Users\3_5105\Desktop\UniFixHM\UniFixHM\dllmain.cpp(100,1): error C2143: 语法错误: 缺少“;”(在“}”的前面)
C:\Users\3_5105\Desktop\UniFixHM\UniFixHM\dllmain.cpp(101,28): error C2485: “__declspec(标识符)”不是可识别的扩展属性
C:\Users\3_5105\Desktop\UniFixHM\UniFixHM\dllmain.cpp(104,5): error C4235: 使用了非标准扩展: 不支持在此结构上使用“__asm”关键字
C:\Users\3_5105\Desktop\UniFixHM\UniFixHM\dllmain.cpp(104,11): error C2065: “jmp”: 未声明的标识符
C:\Users\3_5105\Desktop\UniFixHM\UniFixHM\dllmain.cpp(104,15): error C2146: 语法错误: 缺少“;”(在标识符“eax”的前面)
C:\Users\3_5105\Desktop\UniFixHM\UniFixHM\dllmain.cpp(104,15): error C2065: “eax”: 未声明的标识符
C:\Users\3_5105\Desktop\UniFixHM\UniFixHM\dllmain.cpp(105,1): error C2143: 语法错误: 缺少“;”(在“}”的前面)
C:\Users\3_5105\Desktop\UniFixHM\UniFixHM\dllmain.cpp(106,28): error C2485: “__declspec(标识符)”不是可识别的扩展属性
C:\Users\3_5105\Desktop\UniFixHM\UniFixHM\dllmain.cpp(109,5): error C4235: 使用了非标准扩展: 不支持在此结构上使用“__asm”关键字
C:\Users\3_5105\Desktop\UniFixHM\UniFixHM\dllmain.cpp(109,11): error C2065: “jmp”: 未声明的标识符
C:\Users\3_5105\Desktop\UniFixHM\UniFixHM\dllmain.cpp(109,15): error C2146: 语法错误: 缺少“;”(在标识符“eax”的前面)
C:\Users\3_5105\Desktop\UniFixHM\UniFixHM\dllmain.cpp(109,15): error C2065: “eax”: 未声明的标识符
C:\Users\3_5105\Desktop\UniFixHM\UniFixHM\dllmain.cpp(110,1): error C2143: 语法错误: 缺少“;”(在“}”的前面)
C:\Users\3_5105\Desktop\UniFixHM\UniFixHM\dllmain.cpp(111,28): error C2485: “__declspec(标识符)”不是可识别的扩展属性
C:\Users\3_5105\Desktop\UniFixHM\UniFixHM\dllmain.cpp(114,5): error C4235: 使用了非标准扩展: 不支持在此结构上使用“__asm”关键字
C:\Users\3_5105\Desktop\UniFixHM\UniFixHM\dllmain.cpp(114,11): error C2065: “jmp”: 未声明的标识符
C:\Users\3_5105\Desktop\UniFixHM\UniFixHM\dllmain.cpp(114,15): error C2146: 语法错误: 缺少“;”(在标识符“eax”的前面)
C:\Users\3_5105\Desktop\UniFixHM\UniFixHM\dllmain.cpp(114,15): error C2065: “eax”: 未声明的标识符
C:\Users\3_5105\Desktop\UniFixHM\UniFixHM\dllmain.cpp(115,1): error C2143: 语法错误: 缺少“;”(在“}”的前面)
C:\Users\3_5105\Desktop\UniFixHM\UniFixHM\dllmain.cpp(116,28): error C2485: “__declspec(标识符)”不是可识别的扩展属性
C:\Users\3_5105\Desktop\UniFixHM\UniFixHM\dllmain.cpp(119,5): error C4235: 使用了非标准扩展: 不支持在此结构上使用“__asm”关键字
C:\Users\3_5105\Desktop\UniFixHM\UniFixHM\dllmain.cpp(119,11): error C2065: “jmp”: 未声明的标识符
C:\Users\3_5105\Desktop\UniFixHM\UniFixHM\dllmain.cpp(119,15): error C2146: 语法错误: 缺少“;”(在标识符“eax”的前面)
C:\Users\3_5105\Desktop\UniFixHM\UniFixHM\dllmain.cpp(119,15): error C2065: “eax”: 未声明的标识符
C:\Users\3_5105\Desktop\UniFixHM\UniFixHM\dllmain.cpp(120,1): error C2143: 语法错误: 缺少“;”(在“}”的前面)
C:\Users\3_5105\Desktop\UniFixHM\UniFixHM\dllmain.cpp(121,28): error C2485: “__declspec(标识符)”不是可识别的扩展属性
C:\Users\3_5105\Desktop\UniFixHM\UniFixHM\dllmain.cpp(124,5): error C4235: 使用了非标准扩展: 不支持在此结构上使用“__asm”关键字
C:\Users\3_5105\Desktop\UniFixHM\UniFixHM\dllmain.cpp(124,11): error C2065: “jmp”: 未声明的标识符
C:\Users\3_5105\Desktop\UniFixHM\UniFixHM\dllmain.cpp(124,15): error C2146: 语法错误: 缺少“;”(在标识符“eax”的前面)
C:\Users\3_5105\Desktop\UniFixHM\UniFixHM\dllmain.cpp(124,15): error C2065: “eax”: 未声明的标识符
C:\Users\3_5105\Desktop\UniFixHM\UniFixHM\dllmain.cpp(125,1): error C2143: 语法错误: 缺少“;”(在“}”的前面)
C:\Users\3_5105\Desktop\UniFixHM\UniFixHM\dllmain.cpp(126,28): error C2485: “__declspec(标识符)”不是可识别的扩展属性
C:\Users\3_5105\Desktop\UniFixHM\UniFixHM\dllmain.cpp(129,5): error C4235: 使用了非标准扩展: 不支持在此结构上使用“__asm”关键字
C:\Users\3_5105\Desktop\UniFixHM\UniFixHM\dllmain.cpp(129,11): error C2065: “jmp”: 未声明的标识符
C:\Users\3_5105\Desktop\UniFixHM\UniFixHM\dllmain.cpp(129,15): error C2146: 语法错误: 缺少“;”(在标识符“eax”的前面)
C:\Users\3_5105\Desktop\UniFixHM\UniFixHM\dllmain.cpp(129,15): error C2065: “eax”: 未声明的标识符
C:\Users\3_5105\Desktop\UniFixHM\UniFixHM\dllmain.cpp(130,1): error C2143: 语法错误: 缺少“;”(在“}”的前面)
C:\Users\3_5105\Desktop\UniFixHM\UniFixHM\dllmain.cpp(131,28): error C2485: “__declspec(标识符)”不是可识别的扩展属性
C:\Users\3_5105\Desktop\UniFixHM\UniFixHM\dllmain.cpp(134,5): error C4235: 使用了非标准扩展: 不支持在此结构上使用“__asm”关键字
C:\Users\3_5105\Desktop\UniFixHM\UniFixHM\dllmain.cpp(134,11): error C2065: “jmp”: 未声明的标识符
C:\Users\3_5105\Desktop\UniFixHM\UniFixHM\dllmain.cpp(134,15): error C2146: 语法错误: 缺少“;”(在标识符“eax”的前面)
C:\Users\3_5105\Desktop\UniFixHM\UniFixHM\dllmain.cpp(134,15): error C2065: “eax”: 未声明的标识符
C:\Users\3_5105\Desktop\UniFixHM\UniFixHM\dllmain.cpp(135,1): error C2143: 语法错误: 缺少“;”(在“}”的前面)
C:\Users\3_5105\Desktop\UniFixHM\UniFixHM\dllmain.cpp(136,28): error C2485: “__declspec(标识符)”不是可识别的扩展属性
C:\Users\3_5105\Desktop\UniFixHM\UniFixHM\dllmain.cpp(139,5): error C4235: 使用了非标准扩展: 不支持在此结构上使用“__asm”关键字
C:\Users\3_5105\Desktop\UniFixHM\UniFixHM\dllmain.cpp(139,11): error C2065: “jmp”: 未声明的标识符
C:\Users\3_5105\Desktop\UniFixHM\UniFixHM\dllmain.cpp(139,15): error C2146: 语法错误: 缺少“;”(在标识符“eax”的前面)
C:\Users\3_5105\Desktop\UniFixHM\UniFixHM\dllmain.cpp(139,15): error C2065: “eax”: 未声明的标识符
C:\Users\3_5105\Desktop\UniFixHM\UniFixHM\dllmain.cpp(140,1): error C2143: 语法错误: 缺少“;”(在“}”的前面)
C:\Users\3_5105\Desktop\UniFixHM\UniFixHM\dllmain.cpp(141,28): error C2485: “__declspec(标识符)”不是可识别的扩展属性
C:\Users\3_5105\Desktop\UniFixHM\UniFixHM\dllmain.cpp(144,5): error C4235: 使用了非标准扩展: 不支持在此结构上使用“__asm”关键字
C:\Users\3_5105\Desktop\UniFixHM\UniFixHM\dllmain.cpp(144,11): error C2065: “jmp”: 未声明的标识符
C:\Users\3_5105\Desktop\UniFixHM\UniFixHM\dllmain.cpp(144,15): error C2146: 语法错误: 缺少“;”(在标识符“eax”的前面)
C:\Users\3_5105\Desktop\UniFixHM\UniFixHM\dllmain.cpp(144,15): error C2065: “eax”: 未声明的标识符
C:\Users\3_5105\Desktop\UniFixHM\UniFixHM\dllmain.cpp(145,1): error C2143: 语法错误: 缺少“;”(在“}”的前面)
C:\Users\3_5105\Desktop\UniFixHM\UniFixHM\dllmain.cpp(146,28): error C2485: “__declspec(标识符)”不是可识别的扩展属性
C:\Users\3_5105\Desktop\UniFixHM\UniFixHM\dllmain.cpp(149,5): error C4235: 使用了非标准扩展: 不支持在此结构上使用“__asm”关键字
C:\Users\3_5105\Desktop\UniFixHM\UniFixHM\dllmain.cpp(149,11): error C2065: “jmp”: 未声明的标识符
C:\Users\3_5105\Desktop\UniFixHM\UniFixHM\dllmain.cpp(149,15): error C2146: 语法错误: 缺少“;”(在标识符“eax”的前面)
C:\Users\3_5105\Desktop\UniFixHM\UniFixHM\dllmain.cpp(149,15): error C2065: “eax”: 未声明的标识符
C:\Users\3_5105\Desktop\UniFixHM\UniFixHM\dllmain.cpp(150,1): error C2143: 语法错误: 缺少“;”(在“}”的前面)
C:\Users\3_5105\Desktop\UniFixHM\UniFixHM\dllmain.cpp(151,28): error C2485: “__declspec(标识符)”不是可识别的扩展属性
C:\Users\3_5105\Desktop\UniFixHM\UniFixHM\dllmain.cpp(154,5): error C4235: 使用了非标准扩展: 不支持在此结构上使用“__asm”关键字
C:\Users\3_5105\Desktop\UniFixHM\UniFixHM\dllmain.cpp(154,11): error C2065: “jmp”: 未声明的标识符
C:\Users\3_5105\Desktop\UniFixHM\UniFixHM\dllmain.cpp(154,15): error C2146: 语法错误: 缺少“;”(在标识符“eax”的前面)
C:\Users\3_5105\Desktop\UniFixHM\UniFixHM\dllmain.cpp(154,15): error C2065: “eax”: 未声明的标识符
C:\Users\3_5105\Desktop\UniFixHM\UniFixHM\dllmain.cpp(155,1): error C2143: 语法错误: 缺少“;”(在“}”的前面)
C:\Users\3_5105\Desktop\UniFixHM\UniFixHM\dllmain.cpp(156,28): error C2485: “__declspec(标识符)”不是可识别的扩展属性
C:\Users\3_5105\Desktop\UniFixHM\UniFixHM\dllmain.cpp(159,5): error C4235: 使用了非标准扩展: 不支持在此结构上使用“__asm”关键字
C:\Users\3_5105\Desktop\UniFixHM\UniFixHM\dllmain.cpp(159,11): error C2065: “jmp”: 未声明的标识符
C:\Users\3_5105\Desktop\UniFixHM\UniFixHM\dllmain.cpp(159,15): error C2146: 语法错误: 缺少“;”(在标识符“eax”的前面)
C:\Users\3_5105\Desktop\UniFixHM\UniFixHM\dllmain.cpp(159,15): error C2065: “eax”: 未声明的标识符
C:\Users\3_5105\Desktop\UniFixHM\UniFixHM\dllmain.cpp(160,1): error C2143: 语法错误: 缺少“;”(在“}”的前面)
C:\Users\3_5105\Desktop\UniFixHM\UniFixHM\dllmain.cpp(173,26): warning C4244: “=”: 从“LONGLONG”转换到“int”，可能丢失数据
  hook.cpp
